  Application.cpp
C:\Users\한동훈\Desktop\Github\Data_Structure\2020_TA\Lab3\Lab3\ContainerType.h(16,17): error C3646:  'Location': 알 수 없는 재정의 지정자입니다.
C:\Users\한동훈\Desktop\Github\Data_Structure\2020_TA\Lab3\Lab3\ContainerType.h(16,17): error C4430:  형식 지정자가 없습니다. int로 가정합니다. 참고: C++에서는 기본 int를 지원하지 않습니다.
C:\Users\한동훈\Desktop\Github\Data_Structure\2020_TA\Lab3\Lab3\ContainerType.h(17,14): error C2143:  구문 오류: ';'이(가) '<' 앞에 없습니다.
C:\Users\한동훈\Desktop\Github\Data_Structure\2020_TA\Lab3\Lab3\ContainerType.h(17,14): error C4430:  형식 지정자가 없습니다. int로 가정합니다. 참고: C++에서는 기본 int를 지원하지 않습니다.
C:\Users\한동훈\Desktop\Github\Data_Structure\2020_TA\Lab3\Lab3\ContainerType.h(17,32): error C2238:  ';' 앞에 예기치 않은 토큰이 있습니다.
C:\Users\한동훈\Desktop\Github\Data_Structure\2020_TA\Lab3\Lab3\ContainerType.h(18,7): error C2143:  구문 오류: ';'이(가) '<' 앞에 없습니다.
C:\Users\한동훈\Desktop\Github\Data_Structure\2020_TA\Lab3\Lab3\ContainerType.h(18,7): error C4430:  형식 지정자가 없습니다. int로 가정합니다. 참고: C++에서는 기본 int를 지원하지 않습니다.
C:\Users\한동훈\Desktop\Github\Data_Structure\2020_TA\Lab3\Lab3\ContainerType.h(18,34): error C2238:  ';' 앞에 예기치 않은 토큰이 있습니다.
C:\Users\한동훈\Desktop\Github\Data_Structure\2020_TA\Lab3\Lab3\ItemType.h(12,16): error C3646:  'GetDate': 알 수 없는 재정의 지정자입니다.
C:\Users\한동훈\Desktop\Github\Data_Structure\2020_TA\Lab3\Lab3\ItemType.h(12,16): error C2059:  구문 오류: '('
C:\Users\한동훈\Desktop\Github\Data_Structure\2020_TA\Lab3\Lab3\ItemType.h(12,18): error C2238:  ';' 앞에 예기치 않은 토큰이 있습니다.
C:\Users\한동훈\Desktop\Github\Data_Structure\2020_TA\Lab3\Lab3\ItemType.h(13,16): error C3646:  'GetName': 알 수 없는 재정의 지정자입니다.
C:\Users\한동훈\Desktop\Github\Data_Structure\2020_TA\Lab3\Lab3\ItemType.h(13,16): error C2059:  구문 오류: '('
C:\Users\한동훈\Desktop\Github\Data_Structure\2020_TA\Lab3\Lab3\ItemType.h(13,18): error C2238:  ';' 앞에 예기치 않은 토큰이 있습니다.
C:\Users\한동훈\Desktop\Github\Data_Structure\2020_TA\Lab3\Lab3\ItemType.h(14,16): error C3646:  'GetPkey': 알 수 없는 재정의 지정자입니다.
C:\Users\한동훈\Desktop\Github\Data_Structure\2020_TA\Lab3\Lab3\ItemType.h(14,16): error C2059:  구문 오류: '('
C:\Users\한동훈\Desktop\Github\Data_Structure\2020_TA\Lab3\Lab3\ItemType.h(14,18): error C2238:  ';' 앞에 예기치 않은 토큰이 있습니다.
C:\Users\한동훈\Desktop\Github\Data_Structure\2020_TA\Lab3\Lab3\ItemType.h(21,16): error C3646:  'GetData': 알 수 없는 재정의 지정자입니다.
C:\Users\한동훈\Desktop\Github\Data_Structure\2020_TA\Lab3\Lab3\ItemType.h(21,16): error C2059:  구문 오류: '('
C:\Users\한동훈\Desktop\Github\Data_Structure\2020_TA\Lab3\Lab3\ItemType.h(21,18): error C2238:  ';' 앞에 예기치 않은 토큰이 있습니다.
C:\Users\한동훈\Desktop\Github\Data_Structure\2020_TA\Lab3\Lab3\ItemType.h(29,13): error C3646:  'date': 알 수 없는 재정의 지정자입니다.
C:\Users\한동훈\Desktop\Github\Data_Structure\2020_TA\Lab3\Lab3\ItemType.h(29,13): error C4430:  형식 지정자가 없습니다. int로 가정합니다. 참고: C++에서는 기본 int를 지원하지 않습니다.
C:\Users\한동훈\Desktop\Github\Data_Structure\2020_TA\Lab3\Lab3\ItemType.h(30,13): error C3646:  'name': 알 수 없는 재정의 지정자입니다.
C:\Users\한동훈\Desktop\Github\Data_Structure\2020_TA\Lab3\Lab3\ItemType.h(30,13): error C4430:  형식 지정자가 없습니다. int로 가정합니다. 참고: C++에서는 기본 int를 지원하지 않습니다.
C:\Users\한동훈\Desktop\Github\Data_Structure\2020_TA\Lab3\Lab3\ItemType.h(31,13): error C3646:  'pkey': 알 수 없는 재정의 지정자입니다.
C:\Users\한동훈\Desktop\Github\Data_Structure\2020_TA\Lab3\Lab3\ItemType.h(31,13): error C4430:  형식 지정자가 없습니다. int로 가정합니다. 참고: C++에서는 기본 int를 지원하지 않습니다.
C:\Users\한동훈\Desktop\Github\Data_Structure\2020_TA\Lab3\Lab3\SimpleItemType.h(9,30): error C2061:  구문 오류: 식별자 'string'
C:\Users\한동훈\Desktop\Github\Data_Structure\2020_TA\Lab3\Lab3\SimpleItemType.h(9,30): error C2535:  'SimpleItemType::SimpleItemType(void)': 멤버 함수를 이미 정의했거나 선언했습니다.
C:\Users\한동훈\Desktop\Github\Data_Structure\2020_TA\Lab3\Lab3\SimpleItemType.h(7): message :  'SimpleItemType::SimpleItemType' 선언을 참조하십시오.
C:\Users\한동훈\Desktop\Github\Data_Structure\2020_TA\Lab3\Lab3\SimpleItemType.h(12,21): error C2061:  구문 오류: 식별자 'string'
C:\Users\한동훈\Desktop\Github\Data_Structure\2020_TA\Lab3\Lab3\SimpleItemType.h(13,16): error C3646:  'GetPkey': 알 수 없는 재정의 지정자입니다.
C:\Users\한동훈\Desktop\Github\Data_Structure\2020_TA\Lab3\Lab3\SimpleItemType.h(13,16): error C2059:  구문 오류: '('
C:\Users\한동훈\Desktop\Github\Data_Structure\2020_TA\Lab3\Lab3\SimpleItemType.h(13,18): error C2238:  ';' 앞에 예기치 않은 토큰이 있습니다.
C:\Users\한동훈\Desktop\Github\Data_Structure\2020_TA\Lab3\Lab3\SimpleItemType.h(15,14): error C3646:  'p_key': 알 수 없는 재정의 지정자입니다.
C:\Users\한동훈\Desktop\Github\Data_Structure\2020_TA\Lab3\Lab3\SimpleItemType.h(15,14): error C4430:  형식 지정자가 없습니다. int로 가정합니다. 참고: C++에서는 기본 int를 지원하지 않습니다.
C:\Users\한동훈\Desktop\Github\Data_Structure\2020_TA\Lab3\Lab3\SimpleItemType.h(10,17): error C2065:  'input': 선언되지 않은 식별자입니다.
C:\Users\한동훈\Desktop\Github\Data_Structure\2020_TA\Lab3\Lab3\Stack.h(79,16): error C3861:  'MAXSTACK': 식별자를 찾을 수 없습니다.
C:\Users\한동훈\Desktop\Github\Data_Structure\2020_TA\Lab3\Lab3\Stack.h(165,2): error C3861:  'cout': 식별자를 찾을 수 없습니다.
C:\Users\한동훈\Desktop\Github\Data_Structure\2020_TA\Lab3\Lab3\Stack.h(169,3): error C3861:  'cout': 식별자를 찾을 수 없습니다.
C:\Users\한동훈\Desktop\Github\Data_Structure\2020_TA\Lab3\Lab3\Stack.h(171,2): error C3861:  'cout': 식별자를 찾을 수 없습니다.
C:\Users\한동훈\Desktop\Github\Data_Structure\2020_TA\Lab3\Lab3\Stack.h(171,10): error C3861:  'endl': 식별자를 찾을 수 없습니다.
C:\Users\한동훈\Desktop\Github\Data_Structure\2020_TA\Lab3\Lab3\SortedList.h(33,14): error C3861:  'ADDSIZE': 식별자를 찾을 수 없습니다.
C:\Users\한동훈\Desktop\Github\Data_Structure\2020_TA\Lab3\Lab3\SortedList.h(92,16): error C3861:  'ADDSIZE': 식별자를 찾을 수 없습니다.
C:\Users\한동훈\Desktop\Github\Data_Structure\2020_TA\Lab3\Lab3\TempType.h(8,14): error C2143:  구문 오류: ';'이(가) '<' 앞에 없습니다.
C:\Users\한동훈\Desktop\Github\Data_Structure\2020_TA\Lab3\Lab3\TempType.h(8,14): error C4430:  형식 지정자가 없습니다. int로 가정합니다. 참고: C++에서는 기본 int를 지원하지 않습니다.
C:\Users\한동훈\Desktop\Github\Data_Structure\2020_TA\Lab3\Lab3\TempType.h(8,34): error C2238:  ';' 앞에 예기치 않은 토큰이 있습니다.
C:\Users\한동훈\Desktop\Github\Data_Structure\2020_TA\Lab3\Lab3\UnsortedList.h(31,14): error C3861:  'ADDSIZE': 식별자를 찾을 수 없습니다.
C:\Users\한동훈\Desktop\Github\Data_Structure\2020_TA\Lab3\Lab3\Application.cpp(44,4): error C2065:  'm_MusicList': 선언되지 않은 식별자입니다.
C:\Users\한동훈\Desktop\Github\Data_Structure\2020_TA\Lab3\Lab3\Application.cpp(105,36): error C2039:  'GetData': 'ItemType'의 멤버가 아닙니다.
C:\Users\한동훈\Desktop\Github\Data_Structure\2020_TA\Lab3\Lab3\ItemType.h(6): message :  'ItemType' 선언을 참조하십시오.
C:\Users\한동훈\Desktop\Github\Data_Structure\2020_TA\Lab3\Lab3\Application.cpp(119,2): error C2065:  'm_MusicList': 선언되지 않은 식별자입니다.
C:\Users\한동훈\Desktop\Github\Data_Structure\2020_TA\Lab3\Lab3\Application.cpp(120,15): error C2065:  'm_MusicList': 선언되지 않은 식별자입니다.
C:\Users\한동훈\Desktop\Github\Data_Structure\2020_TA\Lab3\Lab3\Application.cpp(121,17): error C2065:  'm_MusicList': 선언되지 않은 식별자입니다.
C:\Users\한동훈\Desktop\Github\Data_Structure\2020_TA\Lab3\Lab3\Application.cpp(124,29): error C2039:  'DisplayRecordOnScreen': 'ItemType'의 멤버가 아닙니다.
C:\Users\한동훈\Desktop\Github\Data_Structure\2020_TA\Lab3\Lab3\ItemType.h(6): message :  'ItemType' 선언을 참조하십시오.
C:\Users\한동훈\Desktop\Github\Data_Structure\2020_TA\Lab3\Lab3\Application.cpp(125,14): error C2065:  'm_MusicList': 선언되지 않은 식별자입니다.
C:\Users\한동훈\Desktop\Github\Data_Structure\2020_TA\Lab3\Lab3\Application.cpp(152,16): error C2065:  'FILENAMESIZE': 선언되지 않은 식별자입니다.
C:\Users\한동훈\Desktop\Github\Data_Structure\2020_TA\Lab3\Lab3\Application.cpp(164,24): error C2039:  'ReadDataFromFile': 'ItemType'의 멤버가 아닙니다.
C:\Users\한동훈\Desktop\Github\Data_Structure\2020_TA\Lab3\Lab3\ItemType.h(6): message :  'ItemType' 선언을 참조하십시오.
C:\Users\한동훈\Desktop\Github\Data_Structure\2020_TA\Lab3\Lab3\Application.cpp(165,3): error C2065:  'm_MusicList': 선언되지 않은 식별자입니다.
C:\Users\한동훈\Desktop\Github\Data_Structure\2020_TA\Lab3\Lab3\Application.cpp(180,16): error C2065:  'FILENAMESIZE': 선언되지 않은 식별자입니다.
C:\Users\한동훈\Desktop\Github\Data_Structure\2020_TA\Lab3\Lab3\Application.cpp(189,2): error C2065:  'm_MusicList': 선언되지 않은 식별자입니다.
C:\Users\한동훈\Desktop\Github\Data_Structure\2020_TA\Lab3\Lab3\Application.cpp(192,15): error C2065:  'm_MusicList': 선언되지 않은 식별자입니다.
C:\Users\한동훈\Desktop\Github\Data_Structure\2020_TA\Lab3\Lab3\Application.cpp(193,17): error C2065:  'm_MusicList': 선언되지 않은 식별자입니다.
C:\Users\한동훈\Desktop\Github\Data_Structure\2020_TA\Lab3\Lab3\Application.cpp(196,23): error C2039:  'WriteDataToFile': 'ItemType'의 멤버가 아닙니다.
C:\Users\한동훈\Desktop\Github\Data_Structure\2020_TA\Lab3\Lab3\ItemType.h(6): message :  'ItemType' 선언을 참조하십시오.
C:\Users\한동훈\Desktop\Github\Data_Structure\2020_TA\Lab3\Lab3\Application.cpp(197,14): error C2065:  'm_MusicList': 선언되지 않은 식별자입니다.
C:\Users\한동훈\Desktop\Github\Data_Structure\2020_TA\Lab3\Lab3\Application.cpp(208,18): error C2039:  'SetIdFromKB': 'ItemType'의 멤버가 아닙니다.
C:\Users\한동훈\Desktop\Github\Data_Structure\2020_TA\Lab3\Lab3\ItemType.h(6): message :  'ItemType' 선언을 참조하십시오.
C:\Users\한동훈\Desktop\Github\Data_Structure\2020_TA\Lab3\Lab3\Application.cpp(210,6): error C2065:  'm_MusicList': 선언되지 않은 식별자입니다.
C:\Users\한동훈\Desktop\Github\Data_Structure\2020_TA\Lab3\Lab3\Application.cpp(213,29): error C2039:  'DisplayRecordOnScreen': 'ItemType'의 멤버가 아닙니다.
C:\Users\한동훈\Desktop\Github\Data_Structure\2020_TA\Lab3\Lab3\ItemType.h(6): message :  'ItemType' 선언을 참조하십시오.
C:\Users\한동훈\Desktop\Github\Data_Structure\2020_TA\Lab3\Lab3\Application.cpp(224,20): error C2039:  'SetNameFromKB': 'ItemType'의 멤버가 아닙니다.
C:\Users\한동훈\Desktop\Github\Data_Structure\2020_TA\Lab3\Lab3\ItemType.h(6): message :  'ItemType' 선언을 참조하십시오.
C:\Users\한동훈\Desktop\Github\Data_Structure\2020_TA\Lab3\Lab3\Application.cpp(236,2): error C2065:  'm_MusicList': 선언되지 않은 식별자입니다.
C:\Users\한동훈\Desktop\Github\Data_Structure\2020_TA\Lab3\Lab3\Application.cpp(237,9): error C2065:  'm_MusicList': 선언되지 않은 식별자입니다.
C:\Users\한동훈\Desktop\Github\Data_Structure\2020_TA\Lab3\Lab3\Application.cpp(239,6): error C2039:  'GetName': 'ItemType'의 멤버가 아닙니다.
C:\Users\한동훈\Desktop\Github\Data_Structure\2020_TA\Lab3\Lab3\ItemType.h(6): message :  'ItemType' 선언을 참조하십시오.
C:\Users\한동훈\Desktop\Github\Data_Structure\2020_TA\Lab3\Lab3\Application.cpp(243,29): error C2039:  'DisplayRecordOnScreen': 'ItemType'의 멤버가 아닙니다.
C:\Users\한동훈\Desktop\Github\Data_Structure\2020_TA\Lab3\Lab3\ItemType.h(6): message :  'ItemType' 선언을 참조하십시오.
C:\Users\한동훈\Desktop\Github\Data_Structure\2020_TA\Lab3\Lab3\Application.cpp(256,12): error C2065:  'm_MusicList': 선언되지 않은 식별자입니다.
C:\Users\한동훈\Desktop\Github\Data_Structure\2020_TA\Lab3\Lab3\Application.cpp(258,18): error C2039:  'SetIdFromKB': 'ItemType'의 멤버가 아닙니다.
C:\Users\한동훈\Desktop\Github\Data_Structure\2020_TA\Lab3\Lab3\ItemType.h(6): message :  'ItemType' 선언을 참조하십시오.
C:\Users\한동훈\Desktop\Github\Data_Structure\2020_TA\Lab3\Lab3\Application.cpp(260,2): error C2065:  'm_MusicList': 선언되지 않은 식별자입니다.
C:\Users\한동훈\Desktop\Github\Data_Structure\2020_TA\Lab3\Lab3\Application.cpp(262,12): error C2065:  'm_MusicList': 선언되지 않은 식별자입니다.
C:\Users\한동훈\Desktop\Github\Data_Structure\2020_TA\Lab3\Lab3\Application.cpp(277,2): error C2065:  'm_MusicList': 선언되지 않은 식별자입니다.
C:\Users\한동훈\Desktop\Github\Data_Structure\2020_TA\Lab3\Lab3\Application.cpp(286,18): error C2039:  'SetIdFromKB': 'ItemType'의 멤버가 아닙니다.
C:\Users\한동훈\Desktop\Github\Data_Structure\2020_TA\Lab3\Lab3\ItemType.h(6): message :  'ItemType' 선언을 참조하십시오.
C:\Users\한동훈\Desktop\Github\Data_Structure\2020_TA\Lab3\Lab3\Application.cpp(287,6): error C2065:  'm_MusicList': 선언되지 않은 식별자입니다.
C:\Users\한동훈\Desktop\Github\Data_Structure\2020_TA\Lab3\Lab3\Application.cpp(290,29): error C2039:  'DisplayRecordOnScreen': 'ItemType'의 멤버가 아닙니다.
C:\Users\한동훈\Desktop\Github\Data_Structure\2020_TA\Lab3\Lab3\ItemType.h(6): message :  'ItemType' 선언을 참조하십시오.
C:\Users\한동훈\Desktop\Github\Data_Structure\2020_TA\Lab3\Lab3\Application.cpp(301,2): error C2065:  'PlayItemType': 선언되지 않은 식별자입니다.
C:\Users\한동훈\Desktop\Github\Data_Structure\2020_TA\Lab3\Lab3\Application.cpp(301,15): error C2146:  구문 오류: ';'이(가) 'item' 식별자 앞에 없습니다.
C:\Users\한동훈\Desktop\Github\Data_Structure\2020_TA\Lab3\Lab3\Application.cpp(301,15): error C2065:  'item': 선언되지 않은 식별자입니다.
C:\Users\한동훈\Desktop\Github\Data_Structure\2020_TA\Lab3\Lab3\Application.cpp(304,2): error C2065:  'item': 선언되지 않은 식별자입니다.
C:\Users\한동훈\Desktop\Github\Data_Structure\2020_TA\Lab3\Lab3\Application.cpp(305,15): error C2039:  'SetId': 'ItemType'의 멤버가 아닙니다.
C:\Users\한동훈\Desktop\Github\Data_Structure\2020_TA\Lab3\Lab3\ItemType.h(6): message :  'ItemType' 선언을 참조하십시오.
C:\Users\한동훈\Desktop\Github\Data_Structure\2020_TA\Lab3\Lab3\Application.cpp(305,16): error C2065:  'item': 선언되지 않은 식별자입니다.
C:\Users\한동훈\Desktop\Github\Data_Structure\2020_TA\Lab3\Lab3\Application.cpp(306,7): error C2065:  'm_MusicList': 선언되지 않은 식별자입니다.
C:\Users\한동훈\Desktop\Github\Data_Structure\2020_TA\Lab3\Lab3\Application.cpp(310,2): error C2065:  'm_PlayList': 선언되지 않은 식별자입니다.
C:\Users\한동훈\Desktop\Github\Data_Structure\2020_TA\Lab3\Lab3\Application.cpp(310,21): error C2065:  'item': 선언되지 않은 식별자입니다.
C:\Users\한동훈\Desktop\Github\Data_Structure\2020_TA\Lab3\Lab3\Application.cpp(311,10): error C2065:  'item': 선언되지 않은 식별자입니다.
C:\Users\한동훈\Desktop\Github\Data_Structure\2020_TA\Lab3\Lab3\Application.cpp(317,2): error C2065:  'PlayItemType': 선언되지 않은 식별자입니다.
C:\Users\한동훈\Desktop\Github\Data_Structure\2020_TA\Lab3\Lab3\Application.cpp(317,15): error C2146:  구문 오류: ';'이(가) 'item' 식별자 앞에 없습니다.
C:\Users\한동훈\Desktop\Github\Data_Structure\2020_TA\Lab3\Lab3\Application.cpp(317,15): error C2065:  'item': 선언되지 않은 식별자입니다.
C:\Users\한동훈\Desktop\Github\Data_Structure\2020_TA\Lab3\Lab3\Application.cpp(318,2): error C2065:  'm_PlayList': 선언되지 않은 식별자입니다.
C:\Users\한동훈\Desktop\Github\Data_Structure\2020_TA\Lab3\Lab3\Application.cpp(318,21): error C2065:  'item': 선언되지 않은 식별자입니다.
  ItemType.cpp
C:\Users\한동훈\Desktop\Github\Data_Structure\2020_TA\Lab3\Lab3\Application.cpp(324,2): error C2065:  'm_PlayList': 선언되지 않은 식별자입니다.
C:\Users\한동훈\Desktop\Github\Data_Structure\2020_TA\Lab3\Lab3\Application.h(7,23): error C3646:  'm_InFile': 알 수 없는 재정의 지정자입니다.
C:\Users\한동훈\Desktop\Github\Data_Structure\2020_TA\Lab3\Lab3\Application.h(7,23): error C4430:  형식 지정자가 없습니다. int로 가정합니다. 참고: C++에서는 기본 int를 지원하지 않습니다.
C:\Users\한동훈\Desktop\Github\Data_Structure\2020_TA\Lab3\Lab3\Application.h(8,24): error C3646:  'm_OutFile': 알 수 없는 재정의 지정자입니다.
C:\Users\한동훈\Desktop\Github\Data_Structure\2020_TA\Lab3\Lab3\Application.h(8,24): error C4430:  형식 지정자가 없습니다. int로 가정합니다. 참고: C++에서는 기본 int를 지원하지 않습니다.
C:\Users\한동훈\Desktop\Github\Data_Structure\2020_TA\Lab3\Lab3\Application.h(11,12): error C2143:  구문 오류: ';'이(가) '<' 앞에 없습니다.
C:\Users\한동훈\Desktop\Github\Data_Structure\2020_TA\Lab3\Lab3\Application.h(11,12): error C4430:  형식 지정자가 없습니다. int로 가정합니다. 참고: C++에서는 기본 int를 지원하지 않습니다.
C:\Users\한동훈\Desktop\Github\Data_Structure\2020_TA\Lab3\Lab3\Application.h(11,34): error C2238:  ';' 앞에 예기치 않은 토큰이 있습니다.
C:\Users\한동훈\Desktop\Github\Data_Structure\2020_TA\Lab3\Lab3\Application.h(12,12): error C2143:  구문 오류: ';'이(가) '<' 앞에 없습니다.
C:\Users\한동훈\Desktop\Github\Data_Structure\2020_TA\Lab3\Lab3\Application.h(12,12): error C4430:  형식 지정자가 없습니다. int로 가정합니다. 참고: C++에서는 기본 int를 지원하지 않습니다.
C:\Users\한동훈\Desktop\Github\Data_Structure\2020_TA\Lab3\Lab3\Application.h(12,42): error C2238:  ';' 앞에 예기치 않은 토큰이 있습니다.
C:\Users\한동훈\Desktop\Github\Data_Structure\2020_TA\Lab3\Lab3\Application.h(13,19): error C3646:  'TempList': 알 수 없는 재정의 지정자입니다.
C:\Users\한동훈\Desktop\Github\Data_Structure\2020_TA\Lab3\Lab3\Application.h(13,19): error C4430:  형식 지정자가 없습니다. int로 가정합니다. 참고: C++에서는 기본 int를 지원하지 않습니다.
C:\Users\한동훈\Desktop\Github\Data_Structure\2020_TA\Lab3\Lab3\Application.h(112,34): error C2061:  구문 오류: 식별자 'ItemType'
C:\Users\한동훈\Desktop\Github\Data_Structure\2020_TA\Lab3\Lab3\ContainerType.h(16,17): error C3646:  'Location': 알 수 없는 재정의 지정자입니다.
C:\Users\한동훈\Desktop\Github\Data_Structure\2020_TA\Lab3\Lab3\ContainerType.h(16,17): error C4430:  형식 지정자가 없습니다. int로 가정합니다. 참고: C++에서는 기본 int를 지원하지 않습니다.
C:\Users\한동훈\Desktop\Github\Data_Structure\2020_TA\Lab3\Lab3\ContainerType.h(17,14): error C2143:  구문 오류: ';'이(가) '<' 앞에 없습니다.
C:\Users\한동훈\Desktop\Github\Data_Structure\2020_TA\Lab3\Lab3\ContainerType.h(17,14): error C4430:  형식 지정자가 없습니다. int로 가정합니다. 참고: C++에서는 기본 int를 지원하지 않습니다.
C:\Users\한동훈\Desktop\Github\Data_Structure\2020_TA\Lab3\Lab3\ContainerType.h(17,32): error C2238:  ';' 앞에 예기치 않은 토큰이 있습니다.
C:\Users\한동훈\Desktop\Github\Data_Structure\2020_TA\Lab3\Lab3\ContainerType.h(18,7): error C2143:  구문 오류: ';'이(가) '<' 앞에 없습니다.
C:\Users\한동훈\Desktop\Github\Data_Structure\2020_TA\Lab3\Lab3\ContainerType.h(18,7): error C4430:  형식 지정자가 없습니다. int로 가정합니다. 참고: C++에서는 기본 int를 지원하지 않습니다.
C:\Users\한동훈\Desktop\Github\Data_Structure\2020_TA\Lab3\Lab3\ContainerType.h(18,34): error C2238:  ';' 앞에 예기치 않은 토큰이 있습니다.
C:\Users\한동훈\Desktop\Github\Data_Structure\2020_TA\Lab3\Lab3\SimpleItemType.h(9,30): error C2061:  구문 오류: 식별자 'string'
C:\Users\한동훈\Desktop\Github\Data_Structure\2020_TA\Lab3\Lab3\SimpleItemType.h(9,30): error C2535:  'SimpleItemType::SimpleItemType(void)': 멤버 함수를 이미 정의했거나 선언했습니다.
C:\Users\한동훈\Desktop\Github\Data_Structure\2020_TA\Lab3\Lab3\SimpleItemType.h(7): message :  'SimpleItemType::SimpleItemType' 선언을 참조하십시오.
C:\Users\한동훈\Desktop\Github\Data_Structure\2020_TA\Lab3\Lab3\SimpleItemType.h(12,21): error C2061:  구문 오류: 식별자 'string'
C:\Users\한동훈\Desktop\Github\Data_Structure\2020_TA\Lab3\Lab3\SimpleItemType.h(13,16): error C3646:  'GetPkey': 알 수 없는 재정의 지정자입니다.
C:\Users\한동훈\Desktop\Github\Data_Structure\2020_TA\Lab3\Lab3\SimpleItemType.h(13,16): error C2059:  구문 오류: '('
C:\Users\한동훈\Desktop\Github\Data_Structure\2020_TA\Lab3\Lab3\SimpleItemType.h(13,18): error C2238:  ';' 앞에 예기치 않은 토큰이 있습니다.
C:\Users\한동훈\Desktop\Github\Data_Structure\2020_TA\Lab3\Lab3\SimpleItemType.h(15,14): error C3646:  'p_key': 알 수 없는 재정의 지정자입니다.
C:\Users\한동훈\Desktop\Github\Data_Structure\2020_TA\Lab3\Lab3\SimpleItemType.h(15,14): error C4430:  형식 지정자가 없습니다. int로 가정합니다. 참고: C++에서는 기본 int를 지원하지 않습니다.
C:\Users\한동훈\Desktop\Github\Data_Structure\2020_TA\Lab3\Lab3\SimpleItemType.h(10,17): error C2065:  'input': 선언되지 않은 식별자입니다.
C:\Users\한동훈\Desktop\Github\Data_Structure\2020_TA\Lab3\Lab3\Stack.h(80,17): error C2760:  구문 오류: '식별자'을(는) 예기치 않은 토큰입니다. 필요한 토큰은 '형식 지정자'입니다.
C:\Users\한동훈\Desktop\Github\Data_Structure\2020_TA\Lab3\Lab3\Stack.h(90,17): error C2760:  구문 오류: '식별자'을(는) 예기치 않은 토큰입니다. 필요한 토큰은 '형식 지정자'입니다.
C:\Users\한동훈\Desktop\Github\Data_Structure\2020_TA\Lab3\Lab3\Stack.h(165,2): error C3861:  'cout': 식별자를 찾을 수 없습니다.
C:\Users\한동훈\Desktop\Github\Data_Structure\2020_TA\Lab3\Lab3\Stack.h(169,3): error C3861:  'cout': 식별자를 찾을 수 없습니다.
C:\Users\한동훈\Desktop\Github\Data_Structure\2020_TA\Lab3\Lab3\Stack.h(171,2): error C3861:  'cout': 식별자를 찾을 수 없습니다.
C:\Users\한동훈\Desktop\Github\Data_Structure\2020_TA\Lab3\Lab3\Stack.h(171,10): error C3861:  'endl': 식별자를 찾을 수 없습니다.
C:\Users\한동훈\Desktop\Github\Data_Structure\2020_TA\Lab3\Lab3\SortedList.h(33,14): error C3861:  'ADDSIZE': 식별자를 찾을 수 없습니다.
C:\Users\한동훈\Desktop\Github\Data_Structure\2020_TA\Lab3\Lab3\SortedList.h(92,16): error C3861:  'ADDSIZE': 식별자를 찾을 수 없습니다.
C:\Users\한동훈\Desktop\Github\Data_Structure\2020_TA\Lab3\Lab3\TempType.h(8,14): error C2143:  구문 오류: ';'이(가) '<' 앞에 없습니다.
C:\Users\한동훈\Desktop\Github\Data_Structure\2020_TA\Lab3\Lab3\TempType.h(8,14): error C4430:  형식 지정자가 없습니다. int로 가정합니다. 참고: C++에서는 기본 int를 지원하지 않습니다.
C:\Users\한동훈\Desktop\Github\Data_Structure\2020_TA\Lab3\Lab3\TempType.h(8,34): error C2238:  ';' 앞에 예기치 않은 토큰이 있습니다.
  main.cpp
  SimpleItemType.cpp
C:\Users\한동훈\Desktop\Github\Data_Structure\2020_TA\Lab3\Lab3\UnsortedList.h(31,14): error C3861:  'ADDSIZE': 식별자를 찾을 수 없습니다.
C:\Users\한동훈\Desktop\Github\Data_Structure\2020_TA\Lab3\Lab3\Application.h(7,23): error C3646:  'm_InFile': 알 수 없는 재정의 지정자입니다.
C:\Users\한동훈\Desktop\Github\Data_Structure\2020_TA\Lab3\Lab3\Application.h(7,23): error C4430:  형식 지정자가 없습니다. int로 가정합니다. 참고: C++에서는 기본 int를 지원하지 않습니다.
C:\Users\한동훈\Desktop\Github\Data_Structure\2020_TA\Lab3\Lab3\Application.h(8,24): error C3646:  'm_OutFile': 알 수 없는 재정의 지정자입니다.
C:\Users\한동훈\Desktop\Github\Data_Structure\2020_TA\Lab3\Lab3\Application.h(8,24): error C4430:  형식 지정자가 없습니다. int로 가정합니다. 참고: C++에서는 기본 int를 지원하지 않습니다.
C:\Users\한동훈\Desktop\Github\Data_Structure\2020_TA\Lab3\Lab3\Application.h(11,12): error C2143:  구문 오류: ';'이(가) '<' 앞에 없습니다.
C:\Users\한동훈\Desktop\Github\Data_Structure\2020_TA\Lab3\Lab3\Application.h(11,12): error C4430:  형식 지정자가 없습니다. int로 가정합니다. 참고: C++에서는 기본 int를 지원하지 않습니다.
C:\Users\한동훈\Desktop\Github\Data_Structure\2020_TA\Lab3\Lab3\Application.h(11,34): error C2238:  ';' 앞에 예기치 않은 토큰이 있습니다.
C:\Users\한동훈\Desktop\Github\Data_Structure\2020_TA\Lab3\Lab3\Application.h(12,12): error C2143:  구문 오류: ';'이(가) '<' 앞에 없습니다.
C:\Users\한동훈\Desktop\Github\Data_Structure\2020_TA\Lab3\Lab3\Application.h(12,12): error C4430:  형식 지정자가 없습니다. int로 가정합니다. 참고: C++에서는 기본 int를 지원하지 않습니다.
C:\Users\한동훈\Desktop\Github\Data_Structure\2020_TA\Lab3\Lab3\Application.h(12,42): error C2238:  ';' 앞에 예기치 않은 토큰이 있습니다.
C:\Users\한동훈\Desktop\Github\Data_Structure\2020_TA\Lab3\Lab3\Application.h(13,19): error C3646:  'TempList': 알 수 없는 재정의 지정자입니다.
C:\Users\한동훈\Desktop\Github\Data_Structure\2020_TA\Lab3\Lab3\Application.h(13,19): error C4430:  형식 지정자가 없습니다. int로 가정합니다. 참고: C++에서는 기본 int를 지원하지 않습니다.
C:\Users\한동훈\Desktop\Github\Data_Structure\2020_TA\Lab3\Lab3\Application.h(112,34): error C2061:  구문 오류: 식별자 'ItemType'
C:\Users\한동훈\Desktop\Github\Data_Structure\2020_TA\Lab3\Lab3\ContainerType.h(16,17): error C3646:  'Location': 알 수 없는 재정의 지정자입니다.
C:\Users\한동훈\Desktop\Github\Data_Structure\2020_TA\Lab3\Lab3\ContainerType.h(16,17): error C4430:  형식 지정자가 없습니다. int로 가정합니다. 참고: C++에서는 기본 int를 지원하지 않습니다.
C:\Users\한동훈\Desktop\Github\Data_Structure\2020_TA\Lab3\Lab3\ContainerType.h(17,14): error C2143:  구문 오류: ';'이(가) '<' 앞에 없습니다.
C:\Users\한동훈\Desktop\Github\Data_Structure\2020_TA\Lab3\Lab3\ContainerType.h(17,14): error C4430:  형식 지정자가 없습니다. int로 가정합니다. 참고: C++에서는 기본 int를 지원하지 않습니다.
C:\Users\한동훈\Desktop\Github\Data_Structure\2020_TA\Lab3\Lab3\ContainerType.h(17,32): error C2238:  ';' 앞에 예기치 않은 토큰이 있습니다.
C:\Users\한동훈\Desktop\Github\Data_Structure\2020_TA\Lab3\Lab3\ContainerType.h(18,7): error C2143:  구문 오류: ';'이(가) '<' 앞에 없습니다.
C:\Users\한동훈\Desktop\Github\Data_Structure\2020_TA\Lab3\Lab3\ContainerType.h(18,7): error C4430:  형식 지정자가 없습니다. int로 가정합니다. 참고: C++에서는 기본 int를 지원하지 않습니다.
C:\Users\한동훈\Desktop\Github\Data_Structure\2020_TA\Lab3\Lab3\ContainerType.h(18,34): error C2238:  ';' 앞에 예기치 않은 토큰이 있습니다.
C:\Users\한동훈\Desktop\Github\Data_Structure\2020_TA\Lab3\Lab3\ItemType.h(12,16): error C3646:  'GetDate': 알 수 없는 재정의 지정자입니다.
C:\Users\한동훈\Desktop\Github\Data_Structure\2020_TA\Lab3\Lab3\ItemType.h(12,16): error C2059:  구문 오류: '('
C:\Users\한동훈\Desktop\Github\Data_Structure\2020_TA\Lab3\Lab3\ItemType.h(12,18): error C2238:  ';' 앞에 예기치 않은 토큰이 있습니다.
C:\Users\한동훈\Desktop\Github\Data_Structure\2020_TA\Lab3\Lab3\ItemType.h(13,16): error C3646:  'GetName': 알 수 없는 재정의 지정자입니다.
C:\Users\한동훈\Desktop\Github\Data_Structure\2020_TA\Lab3\Lab3\ItemType.h(13,16): error C2059:  구문 오류: '('
C:\Users\한동훈\Desktop\Github\Data_Structure\2020_TA\Lab3\Lab3\ItemType.h(13,18): error C2238:  ';' 앞에 예기치 않은 토큰이 있습니다.
C:\Users\한동훈\Desktop\Github\Data_Structure\2020_TA\Lab3\Lab3\ItemType.h(14,16): error C3646:  'GetPkey': 알 수 없는 재정의 지정자입니다.
C:\Users\한동훈\Desktop\Github\Data_Structure\2020_TA\Lab3\Lab3\ItemType.h(14,16): error C2059:  구문 오류: '('
C:\Users\한동훈\Desktop\Github\Data_Structure\2020_TA\Lab3\Lab3\ItemType.h(14,18): error C2238:  ';' 앞에 예기치 않은 토큰이 있습니다.
C:\Users\한동훈\Desktop\Github\Data_Structure\2020_TA\Lab3\Lab3\ItemType.h(21,16): error C3646:  'GetData': 알 수 없는 재정의 지정자입니다.
C:\Users\한동훈\Desktop\Github\Data_Structure\2020_TA\Lab3\Lab3\ItemType.h(21,16): error C2059:  구문 오류: '('
C:\Users\한동훈\Desktop\Github\Data_Structure\2020_TA\Lab3\Lab3\ItemType.h(21,18): error C2238:  ';' 앞에 예기치 않은 토큰이 있습니다.
C:\Users\한동훈\Desktop\Github\Data_Structure\2020_TA\Lab3\Lab3\ItemType.h(29,13): error C3646:  'date': 알 수 없는 재정의 지정자입니다.
C:\Users\한동훈\Desktop\Github\Data_Structure\2020_TA\Lab3\Lab3\ItemType.h(29,13): error C4430:  형식 지정자가 없습니다. int로 가정합니다. 참고: C++에서는 기본 int를 지원하지 않습니다.
C:\Users\한동훈\Desktop\Github\Data_Structure\2020_TA\Lab3\Lab3\ItemType.h(30,13): error C3646:  'name': 알 수 없는 재정의 지정자입니다.
C:\Users\한동훈\Desktop\Github\Data_Structure\2020_TA\Lab3\Lab3\ItemType.h(30,13): error C4430:  형식 지정자가 없습니다. int로 가정합니다. 참고: C++에서는 기본 int를 지원하지 않습니다.
C:\Users\한동훈\Desktop\Github\Data_Structure\2020_TA\Lab3\Lab3\ItemType.h(31,13): error C3646:  'pkey': 알 수 없는 재정의 지정자입니다.
C:\Users\한동훈\Desktop\Github\Data_Structure\2020_TA\Lab3\Lab3\ItemType.h(31,13): error C4430:  형식 지정자가 없습니다. int로 가정합니다. 참고: C++에서는 기본 int를 지원하지 않습니다.
C:\Users\한동훈\Desktop\Github\Data_Structure\2020_TA\Lab3\Lab3\Stack.h(79,16): error C3861:  'MAXSTACK': 식별자를 찾을 수 없습니다.
C:\Users\한동훈\Desktop\Github\Data_Structure\2020_TA\Lab3\Lab3\Stack.h(165,2): error C3861:  'cout': 식별자를 찾을 수 없습니다.
C:\Users\한동훈\Desktop\Github\Data_Structure\2020_TA\Lab3\Lab3\Stack.h(169,3): error C3861:  'cout': 식별자를 찾을 수 없습니다.
C:\Users\한동훈\Desktop\Github\Data_Structure\2020_TA\Lab3\Lab3\Stack.h(171,2): error C3861:  'cout': 식별자를 찾을 수 없습니다.
C:\Users\한동훈\Desktop\Github\Data_Structure\2020_TA\Lab3\Lab3\Stack.h(171,10): error C3861:  'endl': 식별자를 찾을 수 없습니다.
C:\Users\한동훈\Desktop\Github\Data_Structure\2020_TA\Lab3\Lab3\SortedList.h(33,14): error C3861:  'ADDSIZE': 식별자를 찾을 수 없습니다.
C:\Users\한동훈\Desktop\Github\Data_Structure\2020_TA\Lab3\Lab3\SortedList.h(92,16): error C3861:  'ADDSIZE': 식별자를 찾을 수 없습니다.
C:\Users\한동훈\Desktop\Github\Data_Structure\2020_TA\Lab3\Lab3\TempType.h(8,14): error C2143:  구문 오류: ';'이(가) '<' 앞에 없습니다.
C:\Users\한동훈\Desktop\Github\Data_Structure\2020_TA\Lab3\Lab3\TempType.h(8,14): error C4430:  형식 지정자가 없습니다. int로 가정합니다. 참고: C++에서는 기본 int를 지원하지 않습니다.
C:\Users\한동훈\Desktop\Github\Data_Structure\2020_TA\Lab3\Lab3\TempType.h(8,34): error C2238:  ';' 앞에 예기치 않은 토큰이 있습니다.
  TempType.cpp
  코드를 생성하고 있습니다...
C:\Users\한동훈\Desktop\Github\Data_Structure\2020_TA\Lab3\Lab3\UnsortedList.h(31,14): error C3861:  'ADDSIZE': 식별자를 찾을 수 없습니다.
